<?xml version="1.0" encoding="UTF-8"?>
<!-- Generated by org.testng.reporters.JUnitReportReporter -->
<testsuite hostname="DESKTOP-P7J0K5C" failures="0" tests="1" name="Countries.Country1" time="0.031" errors="0" timestamp="2024-06-08T15:49:31 BST" skipped="0">
  <testcase classname="Countries.Country1" name="f" time="0.031"/>
</testsuite> <!-- Countries.Country1 -->
