<?xml version="1.0" encoding="UTF-8"?>
<!-- Generated by org.testng.reporters.JUnitReportReporter -->
<testsuite hostname="DESKTOP-P7J0K5C" failures="0" tests="7" name="Countries.Countryclass3" time="0.058" errors="0" timestamp="2024-06-08T15:58:51 BST" skipped="0">
  <testcase classname="Countries.Countryclass3" name="mex" time="0.014"/>
  <testcase classname="Countries.Countryclass3" name="ind" time="0.005"/>
  <testcase classname="Countries.Countryclass3" name="ire" time="0.004"/>
  <testcase classname="Countries.Countryclass3" name="ger" time="0.008"/>
  <testcase classname="Countries.Countryclass3" name="bur" time="0.005"/>
  <testcase classname="Countries.Countryclass3" name="col" time="0.011"/>
  <testcase classname="Countries.Countryclass3" name="can" time="0.011"/>
</testsuite> <!-- Countries.Countryclass3 -->
