<?xml version="1.0" encoding="UTF-8"?>
<!-- Generated by org.testng.reporters.JUnitReportReporter -->
<testsuite hostname="DESKTOP-P7J0K5C" failures="0" tests="4" name="Countries.Countryclass1" time="0.069" errors="0" timestamp="2024-06-08T15:58:51 BST" skipped="0">
  <testcase classname="Countries.Countryclass1" name="ger" time="0.011"/>
  <testcase classname="Countries.Countryclass1" name="ind" time="0.007"/>
  <testcase classname="Countries.Countryclass1" name="bur" time="0.045"/>
  <testcase classname="Countries.Countryclass1" name="mex" time="0.006"/>
</testsuite> <!-- Countries.Countryclass1 -->
