<?xml version="1.0" encoding="UTF-8"?>
<!-- Generated by org.testng.reporters.JUnitReportReporter -->
<testsuite hostname="DESKTOP-P7J0K5C" failures="0" tests="6" name="Countries.Countryclass2" time="0.059" errors="0" timestamp="2024-06-08T15:58:51 BST" skipped="0">
  <testcase classname="Countries.Countryclass2" name="ger" time="0.017"/>
  <testcase classname="Countries.Countryclass2" name="bur" time="0.014"/>
  <testcase classname="Countries.Countryclass2" name="col" time="0.011"/>
  <testcase classname="Countries.Countryclass2" name="ire" time="0.009"/>
  <testcase classname="Countries.Countryclass2" name="mex" time="0.004"/>
  <testcase classname="Countries.Countryclass2" name="ind" time="0.004"/>
</testsuite> <!-- Countries.Countryclass2 -->
